<?xml version="1.0" encoding="UTF-8"?>
<!-- Generated by org.testng.reporters.JUnitReportReporter -->
<testsuite hostname="Sri-Nivas" failures="0" tests="1" name="base.BaseTest" time="7.740" errors="0" timestamp="2025-10-08T23:41:59 IST" skipped="0">
  <testcase classname="base.BaseTest" name="setup" time="7.740"/>
</testsuite> <!-- base.BaseTest -->
