<?xml version="1.0" encoding="UTF-8"?>
<!-- Generated by org.testng.reporters.JUnitReportReporter -->
<testsuite hostname="Sri-Nivas" failures="0" tests="1" name="tests.LoginTest" time="5.759" errors="0" timestamp="2025-10-09T00:36:39 IST" skipped="0">
  <testcase classname="tests.LoginTest" name="validLogin" time="5.759"/>
</testsuite> <!-- tests.LoginTest -->
